C:\Users\ronca\AppData\Local\Programs\CLion\bin\cmake\win\x64\bin\cmake.exe -DCMAKE_BUILD_TYPE=Debug -G "CodeBlocks - MinGW Makefiles" -S \\wsl.localhost\Ubuntu\home\maros\konecne -B \\wsl.localhost\Ubuntu\home\maros\konecne\cmake-build-debug
CMake Deprecation Warning:
  Support for "Extra Generators" like

    CodeBlocks

  is deprecated and will be removed from a future version of CMake.  IDEs may
  use the cmake-file-api(7) to view CMake-generated project build trees.


-- The C compiler identification is unknown
-- Detecting C compiler ABI info
-- Detecting C compiler ABI info - failed
-- Check for working C compiler: C:/Users/ronca/AppData/Local/Programs/CLion/bin/mingw/bin/gcc.exe
-- Check for working C compiler: C:/Users/ronca/AppData/Local/Programs/CLion/bin/mingw/bin/gcc.exe - broken
CMake Error at C:/Users/ronca/AppData/Local/Programs/CLion/bin/cmake/win/x64/share/cmake-3.27/Modules/CMakeTestCCompiler.cmake:67 (message):
  The C compiler

    "C:/Users/ronca/AppData/Local/Programs/CLion/bin/mingw/bin/gcc.exe"

  is not able to compile a simple test program.

  It fails with the following output:

    Change Dir: '//wsl.localhost/Ubuntu/home/maros/konecne/cmake-build-debug/CMakeFiles/CMakeScratch/TryCompile-6td6a9'
    
    Run Build Command(s): C:/Users/ronca/AppData/Local/Programs/CLion/bin/cmake/win/x64/bin/cmake.exe -E env VERBOSE=1 C:/Users/ronca/AppData/Local/Programs/CLion/bin/mingw/bin/mingw32-make.exe -f Makefile cmTC_860b4/fast
    C:/Users/ronca/AppData/Local/Programs/CLion/bin/mingw/bin/mingw32-make.exe  -f CMakeFiles\cmTC_860b4.dir\build.make CMakeFiles/cmTC_860b4.dir/build
    mingw32-make[1]: Entering directory '//wsl.localhost/Ubuntu/home/maros/konecne/cmake-build-debug/CMakeFiles/CMakeScratch/TryCompile-6td6a9'
    Building C object CMakeFiles/cmTC_860b4.dir/testCCompiler.c.obj
    C:\Users\ronca\AppData\Local\Programs\CLion\bin\mingw\bin\gcc.exe    -o CMakeFiles\cmTC_860b4.dir\testCCompiler.c.obj -c "\\wsl.localhost\Ubuntu\home\maros\konecne\cmake-build-debug\CMakeFiles\CMakeScratch\TryCompile-6td6a9\testCCompiler.c"
    Assembler messages:
    Fatal error: can't create CMakeFiles\cmTC_860b4.dir\testCCompiler.c.obj: Invalid argument
    mingw32-make[1]: *** [CMakeFiles\cmTC_860b4.dir\build.make:77: CMakeFiles/cmTC_860b4.dir/testCCompiler.c.obj] Error 1
    mingw32-make[1]: Leaving directory '//wsl.localhost/Ubuntu/home/maros/konecne/cmake-build-debug/CMakeFiles/CMakeScratch/TryCompile-6td6a9'
    mingw32-make: *** [Makefile:126: cmTC_860b4/fast] Error 2
    
    

  

  CMake will not be able to correctly generate this project.
Call Stack (most recent call first):
  CMakeLists.txt:4 (project)


-- Configuring incomplete, errors occurred!
